2022-08-26 21:25:33.429 +06:00 [ERR] An unhandled exception has occurred while executing the request.
System.InvalidOperationException: Unable to resolve service for type 'TerrainHRM.Interfaces.ISectRepository' while attempting to activate 'TerrainHRM.Controllers.HrmInitialController'.
   at Microsoft.Extensions.DependencyInjection.ActivatorUtilities.GetService(IServiceProvider sp, Type type, Type requiredBy, Boolean isDefaultParameterRequired)
   at lambda_method(Closure , IServiceProvider , Object[] )
   at Microsoft.AspNetCore.Mvc.Controllers.ControllerActivatorProvider.<>c__DisplayClass4_0.<CreateActivator>b__0(ControllerContext controllerContext)
   at Microsoft.AspNetCore.Mvc.Controllers.ControllerFactoryProvider.<>c__DisplayClass5_0.<CreateControllerFactory>g__CreateController|0(ControllerContext controllerContext)
   at Microsoft.AspNetCore.Mvc.Infrastructure.ControllerActionInvoker.Next(State& next, Scope& scope, Object& state, Boolean& isCompleted)
   at Microsoft.AspNetCore.Mvc.Infrastructure.ControllerActionInvoker.InvokeInnerFilterAsync()
--- End of stack trace from previous location where exception was thrown ---
   at Microsoft.AspNetCore.Mvc.Infrastructure.ResourceInvoker.<InvokeNextResourceFilter>g__Awaited|24_0(ResourceInvoker invoker, Task lastTask, State next, Scope scope, Object state, Boolean isCompleted)
   at Microsoft.AspNetCore.Mvc.Infrastructure.ResourceInvoker.Rethrow(ResourceExecutedContextSealed context)
   at Microsoft.AspNetCore.Mvc.Infrastructure.ResourceInvoker.Next(State& next, Scope& scope, Object& state, Boolean& isCompleted)
   at Microsoft.AspNetCore.Mvc.Infrastructure.ResourceInvoker.InvokeFilterPipelineAsync()
--- End of stack trace from previous location where exception was thrown ---
   at Microsoft.AspNetCore.Mvc.Infrastructure.ResourceInvoker.<InvokeAsync>g__Awaited|17_0(ResourceInvoker invoker, Task task, IDisposable scope)
   at Microsoft.AspNetCore.Routing.EndpointMiddleware.<Invoke>g__AwaitRequestTask|6_0(Endpoint endpoint, Task requestTask, ILogger logger)
   at Microsoft.AspNetCore.Authorization.AuthorizationMiddleware.Invoke(HttpContext context)
   at Microsoft.AspNetCore.Diagnostics.DeveloperExceptionPageMiddleware.Invoke(HttpContext context)
2022-08-26 23:25:13.204 +06:00 [ERR] An exception occurred while iterating over the results of a query for context type 'TerrainHRM.Data.TerrainHRMContext'.
System.InvalidCastException: Column contains NULL data
   at Oracle.ManagedDataAccess.Client.OracleDataReader.GetInt32(Int32 i)
   at lambda_method(Closure , QueryContext , DbDataReader , ResultContext , Int32[] , ResultCoordinator )
   at Microsoft.EntityFrameworkCore.Query.Internal.QueryingEnumerable`1.Enumerator.MoveNext()
System.InvalidCastException: Column contains NULL data
   at Oracle.ManagedDataAccess.Client.OracleDataReader.GetInt32(Int32 i)
   at lambda_method(Closure , QueryContext , DbDataReader , ResultContext , Int32[] , ResultCoordinator )
   at Microsoft.EntityFrameworkCore.Query.Internal.QueryingEnumerable`1.Enumerator.MoveNext()
2022-08-26 23:25:17.399 +06:00 [ERR] An exception occurred while iterating over the results of a query for context type 'TerrainHRM.Data.TerrainHRMContext'.
System.InvalidCastException: Column contains NULL data
   at Oracle.ManagedDataAccess.Client.OracleDataReader.GetInt32(Int32 i)
   at lambda_method(Closure , QueryContext , DbDataReader , ResultContext , Int32[] , ResultCoordinator )
   at Microsoft.EntityFrameworkCore.Query.Internal.QueryingEnumerable`1.Enumerator.MoveNext()
System.InvalidCastException: Column contains NULL data
   at Oracle.ManagedDataAccess.Client.OracleDataReader.GetInt32(Int32 i)
   at lambda_method(Closure , QueryContext , DbDataReader , ResultContext , Int32[] , ResultCoordinator )
   at Microsoft.EntityFrameworkCore.Query.Internal.QueryingEnumerable`1.Enumerator.MoveNext()
2022-08-26 23:26:27.210 +06:00 [ERR] An exception occurred while iterating over the results of a query for context type 'TerrainHRM.Data.TerrainHRMContext'.
System.InvalidCastException: Column contains NULL data
   at Oracle.ManagedDataAccess.Client.OracleDataReader.GetInt32(Int32 i)
   at lambda_method(Closure , QueryContext , DbDataReader , ResultContext , Int32[] , ResultCoordinator )
   at Microsoft.EntityFrameworkCore.Query.Internal.QueryingEnumerable`1.Enumerator.MoveNext()
System.InvalidCastException: Column contains NULL data
   at Oracle.ManagedDataAccess.Client.OracleDataReader.GetInt32(Int32 i)
   at lambda_method(Closure , QueryContext , DbDataReader , ResultContext , Int32[] , ResultCoordinator )
   at Microsoft.EntityFrameworkCore.Query.Internal.QueryingEnumerable`1.Enumerator.MoveNext()
2022-08-26 23:27:55.844 +06:00 [ERR] An exception occurred while iterating over the results of a query for context type 'TerrainHRM.Data.TerrainHRMContext'.
System.InvalidCastException: Column contains NULL data
   at Oracle.ManagedDataAccess.Client.OracleDataReader.GetInt32(Int32 i)
   at lambda_method(Closure , QueryContext , DbDataReader , ResultContext , Int32[] , ResultCoordinator )
   at Microsoft.EntityFrameworkCore.Query.Internal.QueryingEnumerable`1.Enumerator.MoveNext()
System.InvalidCastException: Column contains NULL data
   at Oracle.ManagedDataAccess.Client.OracleDataReader.GetInt32(Int32 i)
   at lambda_method(Closure , QueryContext , DbDataReader , ResultContext , Int32[] , ResultCoordinator )
   at Microsoft.EntityFrameworkCore.Query.Internal.QueryingEnumerable`1.Enumerator.MoveNext()
2022-08-26 23:28:51.774 +06:00 [ERR] An exception occurred while iterating over the results of a query for context type 'TerrainHRM.Data.TerrainHRMContext'.
System.InvalidCastException: Column contains NULL data
   at Oracle.ManagedDataAccess.Client.OracleDataReader.GetInt32(Int32 i)
   at lambda_method(Closure , QueryContext , DbDataReader , ResultContext , Int32[] , ResultCoordinator )
   at Microsoft.EntityFrameworkCore.Query.Internal.QueryingEnumerable`1.Enumerator.MoveNext()
System.InvalidCastException: Column contains NULL data
   at Oracle.ManagedDataAccess.Client.OracleDataReader.GetInt32(Int32 i)
   at lambda_method(Closure , QueryContext , DbDataReader , ResultContext , Int32[] , ResultCoordinator )
   at Microsoft.EntityFrameworkCore.Query.Internal.QueryingEnumerable`1.Enumerator.MoveNext()
2022-08-26 23:31:14.013 +06:00 [ERR] An exception occurred while iterating over the results of a query for context type 'TerrainHRM.Data.TerrainHRMContext'.
System.InvalidCastException: Column contains NULL data
   at Oracle.ManagedDataAccess.Client.OracleDataReader.GetInt32(Int32 i)
   at lambda_method(Closure , QueryContext , DbDataReader , ResultContext , Int32[] , ResultCoordinator )
   at Microsoft.EntityFrameworkCore.Query.Internal.QueryingEnumerable`1.Enumerator.MoveNext()
System.InvalidCastException: Column contains NULL data
   at Oracle.ManagedDataAccess.Client.OracleDataReader.GetInt32(Int32 i)
   at lambda_method(Closure , QueryContext , DbDataReader , ResultContext , Int32[] , ResultCoordinator )
   at Microsoft.EntityFrameworkCore.Query.Internal.QueryingEnumerable`1.Enumerator.MoveNext()
2022-08-26 23:31:14.013 +06:00 [ERR] An exception occurred while iterating over the results of a query for context type 'TerrainHRM.Data.TerrainHRMContext'.
System.InvalidCastException: Column contains NULL data
   at Oracle.ManagedDataAccess.Client.OracleDataReader.GetInt32(Int32 i)
   at lambda_method(Closure , QueryContext , DbDataReader , ResultContext , Int32[] , ResultCoordinator )
   at Microsoft.EntityFrameworkCore.Query.Internal.QueryingEnumerable`1.Enumerator.MoveNext()
System.InvalidCastException: Column contains NULL data
   at Oracle.ManagedDataAccess.Client.OracleDataReader.GetInt32(Int32 i)
   at lambda_method(Closure , QueryContext , DbDataReader , ResultContext , Int32[] , ResultCoordinator )
   at Microsoft.EntityFrameworkCore.Query.Internal.QueryingEnumerable`1.Enumerator.MoveNext()
2022-08-26 23:31:14.013 +06:00 [ERR] An exception occurred while iterating over the results of a query for context type 'TerrainHRM.Data.TerrainHRMContext'.
System.InvalidCastException: Column contains NULL data
   at Oracle.ManagedDataAccess.Client.OracleDataReader.GetInt32(Int32 i)
   at lambda_method(Closure , QueryContext , DbDataReader , ResultContext , Int32[] , ResultCoordinator )
   at Microsoft.EntityFrameworkCore.Query.Internal.QueryingEnumerable`1.Enumerator.MoveNext()
System.InvalidCastException: Column contains NULL data
   at Oracle.ManagedDataAccess.Client.OracleDataReader.GetInt32(Int32 i)
   at lambda_method(Closure , QueryContext , DbDataReader , ResultContext , Int32[] , ResultCoordinator )
   at Microsoft.EntityFrameworkCore.Query.Internal.QueryingEnumerable`1.Enumerator.MoveNext()
2022-08-26 23:31:14.186 +06:00 [ERR] An exception occurred while iterating over the results of a query for context type 'TerrainHRM.Data.TerrainHRMContext'.
System.InvalidCastException: Column contains NULL data
   at Oracle.ManagedDataAccess.Client.OracleDataReader.GetInt32(Int32 i)
   at lambda_method(Closure , QueryContext , DbDataReader , ResultContext , Int32[] , ResultCoordinator )
   at Microsoft.EntityFrameworkCore.Query.Internal.QueryingEnumerable`1.Enumerator.MoveNext()
System.InvalidCastException: Column contains NULL data
   at Oracle.ManagedDataAccess.Client.OracleDataReader.GetInt32(Int32 i)
   at lambda_method(Closure , QueryContext , DbDataReader , ResultContext , Int32[] , ResultCoordinator )
   at Microsoft.EntityFrameworkCore.Query.Internal.QueryingEnumerable`1.Enumerator.MoveNext()
